0 verbose cli /opt/homebrew/Cellar/node/23.11.0/bin/node /opt/homebrew/bin/npm
1 info using npm@10.9.2
2 info using node@v23.11.0
3 silly config load:file:/opt/homebrew/lib/node_modules/npm/npmrc
4 silly config load:file:/Users/janicenofuente/Desktop/web/pif/pif-dashboard/.npmrc
5 silly config load:file:/Users/janicenofuente/.npmrc
6 silly config load:file:/opt/homebrew/etc/npmrc
7 verbose title npm update tailwindcss @tailwindcss/vite
8 verbose argv "update" "tailwindcss" "@tailwindcss/vite"
9 verbose logfile logs-max:10 dir:/Users/janicenofuente/Desktop/web/pif/pif-dashboard/.npm-cache/_logs/2025-10-22T10_02_17_541Z-
10 verbose logfile /Users/janicenofuente/Desktop/web/pif/pif-dashboard/.npm-cache/_logs/2025-10-22T10_02_17_541Z-debug-0.log
11 silly logfile start cleaning logs, removing 1 files
12 silly packumentCache heap:4345298944 maxSize:1086324736 maxEntrySize:543162368
13 silly logfile done cleaning log files
14 silly idealTree buildDeps
15 silly fetch manifest @tailwindcss/vite@^4.1.11
16 silly packumentCache full:https://registry.npmjs.org/@tailwindcss%2fvite cache-miss
17 http fetch GET 200 https://registry.npmjs.org/@tailwindcss%2fvite 419ms (cache revalidated)
18 silly packumentCache full:https://registry.npmjs.org/@tailwindcss%2fvite set size:1541063 disposed:false
19 silly fetch manifest vite@^7.0.4
20 silly packumentCache full:https://registry.npmjs.org/vite cache-miss
21 http fetch GET 200 https://registry.npmjs.org/vite 130ms (cache revalidated)
22 silly packumentCache full:https://registry.npmjs.org/vite set size:38574624 disposed:false
23 silly fetch manifest @types/node@^20.19.0 || >=22.12.0
24 silly packumentCache full:https://registry.npmjs.org/@types%2fnode cache-miss
25 http fetch GET 200 https://registry.npmjs.org/@types%2fnode 108ms (cache revalidated)
26 silly packumentCache full:https://registry.npmjs.org/@types%2fnode set size:10665074 disposed:false
27 silly fetch manifest jiti@>=1.21.0
28 silly packumentCache full:https://registry.npmjs.org/jiti cache-miss
29 http fetch GET 200 https://registry.npmjs.org/jiti 143ms (cache revalidated)
30 silly packumentCache full:https://registry.npmjs.org/jiti set size:382310 disposed:false
31 silly fetch manifest less@^4.0.0
32 silly packumentCache full:https://registry.npmjs.org/less cache-miss
33 http fetch GET 200 https://registry.npmjs.org/less 77ms (cache revalidated)
34 silly packumentCache full:https://registry.npmjs.org/less set size:425893 disposed:false
35 silly fetch manifest lightningcss@^1.21.0
36 silly packumentCache full:https://registry.npmjs.org/lightningcss cache-miss
37 http fetch GET 200 https://registry.npmjs.org/lightningcss 73ms (cache revalidated)
38 silly packumentCache full:https://registry.npmjs.org/lightningcss set size:173815 disposed:false
39 silly fetch manifest sass@^1.70.0
40 silly packumentCache full:https://registry.npmjs.org/sass cache-miss
41 http fetch GET 200 https://registry.npmjs.org/sass 78ms (cache revalidated)
42 silly packumentCache full:https://registry.npmjs.org/sass set size:697197 disposed:false
43 silly fetch manifest sass-embedded@^1.70.0
44 silly packumentCache full:https://registry.npmjs.org/sass-embedded cache-miss
45 http fetch GET 200 https://registry.npmjs.org/sass-embedded 77ms (cache revalidated)
46 silly packumentCache full:https://registry.npmjs.org/sass-embedded set size:379146 disposed:false
47 silly fetch manifest stylus@>=0.54.8
48 silly packumentCache full:https://registry.npmjs.org/stylus cache-miss
49 http fetch GET 200 https://registry.npmjs.org/stylus 88ms (cache revalidated)
50 silly packumentCache full:https://registry.npmjs.org/stylus set size:286766 disposed:false
51 silly fetch manifest sugarss@^5.0.0
52 silly packumentCache full:https://registry.npmjs.org/sugarss cache-miss
53 http fetch GET 200 https://registry.npmjs.org/sugarss 75ms (cache revalidated)
54 silly packumentCache full:https://registry.npmjs.org/sugarss set size:44975 disposed:false
55 silly fetch manifest postcss@^8.3.3
56 silly packumentCache full:https://registry.npmjs.org/postcss cache-miss
57 http fetch GET 200 https://registry.npmjs.org/postcss 88ms (cache revalidated)
58 silly packumentCache full:https://registry.npmjs.org/postcss set size:696248 disposed:false
59 silly fetch manifest terser@^5.16.0
60 silly packumentCache full:https://registry.npmjs.org/terser cache-miss
61 http fetch GET 200 https://registry.npmjs.org/terser 133ms (cache revalidated)
62 silly packumentCache full:https://registry.npmjs.org/terser set size:776798 disposed:false
63 silly fetch manifest tsx@^4.8.1
64 silly packumentCache full:https://registry.npmjs.org/tsx cache-miss
65 http fetch GET 200 https://registry.npmjs.org/tsx 90ms (cache revalidated)
66 silly packumentCache full:https://registry.npmjs.org/tsx set size:287318 disposed:false
67 silly fetch manifest yaml@^2.4.2
68 silly packumentCache full:https://registry.npmjs.org/yaml cache-miss
69 http fetch GET 200 https://registry.npmjs.org/yaml 128ms (cache revalidated)
70 silly packumentCache full:https://registry.npmjs.org/yaml set size:361238 disposed:false
71 silly fetch manifest tailwindcss@^4.0.7
72 silly packumentCache full:https://registry.npmjs.org/tailwindcss cache-miss
73 http cache https://registry.npmjs.org/tailwindcss 10ms (cache hit)
74 silly packumentCache full:https://registry.npmjs.org/tailwindcss set size:9761724 disposed:false
75 silly placeDep ROOT @tailwindcss/vite@4.1.15 KEEP for:  want: ^4.1.11
76 silly placeDep ROOT tailwindcss@4.1.15 KEEP for:  want: ^4.0.7
77 silly fetch manifest tailwindcss@4.1.15
78 silly packumentCache full:https://registry.npmjs.org/tailwindcss cache-miss
79 http cache https://registry.npmjs.org/tailwindcss 10ms (cache hit)
80 silly packumentCache full:https://registry.npmjs.org/tailwindcss set size:9761724 disposed:false
81 silly placeDep ROOT tailwindcss@4.1.15 KEEP for: @tailwindcss/node@4.1.15 want: 4.1.15
82 silly placeDep ROOT tailwindcss@4.1.15 KEEP for: @tailwindcss/vite@4.1.15 want: 4.1.15
83 silly reify moves {}
84 verbose reify failed optional dependency /Users/janicenofuente/Desktop/web/pif/pif-dashboard/node_modules/@tailwindcss/oxide-wasm32-wasi
85 silly reify mark deleted [
85 silly reify   '/Users/janicenofuente/Desktop/web/pif/pif-dashboard/node_modules/@tailwindcss/oxide-wasm32-wasi'
85 silly reify ]
86 silly audit bulk request {
86 silly audit   '@esbuild/aix-ppc64': [ '0.25.11' ],
86 silly audit   '@esbuild/android-arm': [ '0.25.11' ],
86 silly audit   '@esbuild/android-arm64': [ '0.25.11' ],
86 silly audit   '@esbuild/android-x64': [ '0.25.11' ],
86 silly audit   '@esbuild/darwin-arm64': [ '0.25.11' ],
86 silly audit   '@esbuild/darwin-x64': [ '0.25.11' ],
86 silly audit   '@esbuild/freebsd-arm64': [ '0.25.11' ],
86 silly audit   '@esbuild/freebsd-x64': [ '0.25.11' ],
86 silly audit   '@esbuild/linux-arm': [ '0.25.11' ],
86 silly audit   '@esbuild/linux-arm64': [ '0.25.11' ],
86 silly audit   '@esbuild/linux-ia32': [ '0.25.11' ],
86 silly audit   '@esbuild/linux-loong64': [ '0.25.11' ],
86 silly audit   '@esbuild/linux-mips64el': [ '0.25.11' ],
86 silly audit   '@esbuild/linux-ppc64': [ '0.25.11' ],
86 silly audit   '@esbuild/linux-riscv64': [ '0.25.11' ],
86 silly audit   '@esbuild/linux-s390x': [ '0.25.11' ],
86 silly audit   '@esbuild/linux-x64': [ '0.25.11' ],
86 silly audit   '@esbuild/netbsd-arm64': [ '0.25.11' ],
86 silly audit   '@esbuild/netbsd-x64': [ '0.25.11' ],
86 silly audit   '@esbuild/openbsd-arm64': [ '0.25.11' ],
86 silly audit   '@esbuild/openbsd-x64': [ '0.25.11' ],
86 silly audit   '@esbuild/openharmony-arm64': [ '0.25.11' ],
86 silly audit   '@esbuild/sunos-x64': [ '0.25.11' ],
86 silly audit   '@esbuild/win32-arm64': [ '0.25.11' ],
86 silly audit   '@esbuild/win32-ia32': [ '0.25.11' ],
86 silly audit   '@esbuild/win32-x64': [ '0.25.11' ],
86 silly audit   '@jridgewell/gen-mapping': [ '0.3.13' ],
86 silly audit   '@jridgewell/remapping': [ '2.3.5' ],
86 silly audit   '@jridgewell/resolve-uri': [ '3.1.2' ],
86 silly audit   '@jridgewell/sourcemap-codec': [ '1.5.5' ],
86 silly audit   '@jridgewell/trace-mapping': [ '0.3.31' ],
86 silly audit   '@rollup/rollup-android-arm-eabi': [ '4.52.5' ],
86 silly audit   '@rollup/rollup-android-arm64': [ '4.52.5' ],
86 silly audit   '@rollup/rollup-darwin-arm64': [ '4.52.5' ],
86 silly audit   '@rollup/rollup-darwin-x64': [ '4.52.5' ],
86 silly audit   '@rollup/rollup-freebsd-arm64': [ '4.52.5' ],
86 silly audit   '@rollup/rollup-freebsd-x64': [ '4.52.5' ],
86 silly audit   '@rollup/rollup-linux-arm-gnueabihf': [ '4.52.5' ],
86 silly audit   '@rollup/rollup-linux-arm-musleabihf': [ '4.52.5' ],
86 silly audit   '@rollup/rollup-linux-arm64-gnu': [ '4.52.5' ],
86 silly audit   '@rollup/rollup-linux-arm64-musl': [ '4.52.5' ],
86 silly audit   '@rollup/rollup-linux-loong64-gnu': [ '4.52.5' ],
86 silly audit   '@rollup/rollup-linux-ppc64-gnu': [ '4.52.5' ],
86 silly audit   '@rollup/rollup-linux-riscv64-gnu': [ '4.52.5' ],
86 silly audit   '@rollup/rollup-linux-riscv64-musl': [ '4.52.5' ],
86 silly audit   '@rollup/rollup-linux-s390x-gnu': [ '4.52.5' ],
86 silly audit   '@rollup/rollup-linux-x64-gnu': [ '4.9.5', '4.52.5' ],
86 silly audit   '@rollup/rollup-linux-x64-musl': [ '4.52.5' ],
86 silly audit   '@rollup/rollup-openharmony-arm64': [ '4.52.5' ],
86 silly audit   '@rollup/rollup-win32-arm64-msvc': [ '4.52.5' ],
86 silly audit   '@rollup/rollup-win32-ia32-msvc': [ '4.52.5' ],
86 silly audit   '@rollup/rollup-win32-x64-gnu': [ '4.52.5' ],
86 silly audit   '@rollup/rollup-win32-x64-msvc': [ '4.52.5' ],
86 silly audit   '@tailwindcss/node': [ '4.1.15' ],
86 silly audit   '@tailwindcss/oxide': [ '4.1.15' ],
86 silly audit   '@tailwindcss/oxide-android-arm64': [ '4.1.15' ],
86 silly audit   '@tailwindcss/oxide-darwin-arm64': [ '4.1.15' ],
86 silly audit   '@tailwindcss/oxide-darwin-x64': [ '4.1.15' ],
86 silly audit   '@tailwindcss/oxide-freebsd-x64': [ '4.1.15' ],
86 silly audit   '@tailwindcss/oxide-linux-arm-gnueabihf': [ '4.1.15' ],
86 silly audit   '@tailwindcss/oxide-linux-arm64-gnu': [ '4.1.15' ],
86 silly audit   '@tailwindcss/oxide-linux-arm64-musl': [ '4.1.15' ],
86 silly audit   '@tailwindcss/oxide-linux-x64-gnu': [ '4.1.15' ],
86 silly audit   '@tailwindcss/oxide-linux-x64-musl': [ '4.1.15' ],
86 silly audit   '@tailwindcss/oxide-win32-arm64-msvc': [ '4.1.15' ],
86 silly audit   '@tailwindcss/oxide-win32-x64-msvc': [ '4.1.15' ],
86 silly audit   '@tailwindcss/vite': [ '4.1.15' ],
86 silly audit   '@types/estree': [ '1.0.8' ],
86 silly audit   '@vue/reactivity': [ '3.1.5' ],
86 silly audit   '@vue/shared': [ '3.1.5' ],
86 silly audit   alpinejs: [ '3.15.0' ],
86 silly audit   'ansi-styles': [ '4.3.0' ],
86 silly audit   asynckit: [ '0.4.0' ],
86 silly audit   autoprefixer: [ '10.4.21' ],
86 silly audit   axios: [ '1.12.2' ],
86 silly audit   'baseline-browser-mapping': [ '2.8.19' ],
86 silly audit   browserslist: [ '4.26.3' ],
86 silly audit   'call-bind-apply-helpers': [ '1.0.2' ],
86 silly audit   'caniuse-lite': [ '1.0.30001751' ],
86 silly audit   chalk: [ '4.1.2' ],
86 silly audit   'supports-color': [ '7.2.0', '8.1.1' ],
86 silly audit   cliui: [ '8.0.1' ],
86 silly audit   'ansi-regex': [ '5.0.1' ],
86 silly audit   'emoji-regex': [ '8.0.0' ],
86 silly audit   'string-width': [ '4.2.3' ],
86 silly audit   'strip-ansi': [ '6.0.1' ],
86 silly audit   'wrap-ansi': [ '7.0.0' ],
86 silly audit   'color-convert': [ '2.0.1' ],
86 silly audit   'color-name': [ '1.1.4' ],
86 silly audit   'combined-stream': [ '1.0.8' ],
86 silly audit   concurrently: [ '9.2.1' ],
86 silly audit   'delayed-stream': [ '1.0.0' ],
86 silly audit   'detect-libc': [ '2.1.2' ],
86 silly audit   'dunder-proto': [ '1.0.1' ],
86 silly audit   'electron-to-chromium': [ '1.5.238' ],
86 silly audit   'enhanced-resolve': [ '5.18.3' ],
86 silly audit   'es-define-property': [ '1.0.1' ],
86 silly audit   'es-errors': [ '1.3.0' ],
86 silly audit   'es-object-atoms': [ '1.1.1' ],
86 silly audit   'es-set-tostringtag': [ '2.1.0' ],
86 silly audit   esbuild: [ '0.25.11' ],
86 silly audit   escalade: [ '3.2.0' ],
86 silly audit   'follow-redirects': [ '1.15.11' ],
86 silly audit   'form-data': [ '4.0.4' ],
86 silly audit   'fraction.js': [ '4.3.7' ],
86 silly audit   fsevents: [ '2.3.3' ],
86 silly audit   'function-bind': [ '1.1.2' ],
86 silly audit   'get-caller-file': [ '2.0.5' ],
86 silly audit   'get-intrinsic': [ '1.3.0' ],
86 silly audit   'get-proto': [ '1.0.1' ],
86 silly audit   gopd: [ '1.2.0' ],
86 silly audit   'graceful-fs': [ '4.2.11' ],
86 silly audit   'has-flag': [ '4.0.0' ],
86 silly audit   'has-symbols': [ '1.1.0' ],
86 silly audit   'has-tostringtag': [ '1.0.2' ],
86 silly audit   hasown: [ '2.0.2' ],
86 silly audit   'is-fullwidth-code-point': [ '3.0.0' ],
86 silly audit   jiti: [ '2.6.1' ],
86 silly audit   'laravel-vite-plugin': [ '2.0.1' ],
86 silly audit   lightningcss: [ '1.30.2' ],
86 silly audit   'lightningcss-android-arm64': [ '1.30.2' ],
86 silly audit   'lightningcss-darwin-arm64': [ '1.30.2' ],
86 silly audit   'lightningcss-darwin-x64': [ '1.30.2' ],
86 silly audit   'lightningcss-freebsd-x64': [ '1.30.2' ],
86 silly audit   'lightningcss-linux-arm-gnueabihf': [ '1.30.2' ],
86 silly audit   'lightningcss-linux-arm64-gnu': [ '1.30.2' ],
86 silly audit   'lightningcss-linux-arm64-musl': [ '1.30.2' ],
86 silly audit   'lightningcss-linux-x64-gnu': [ '1.30.2' ],
86 silly audit   'lightningcss-linux-x64-musl': [ '1.30.2' ],
86 silly audit   'lightningcss-win32-arm64-msvc': [ '1.30.2' ],
86 silly audit   'lightningcss-win32-x64-msvc': [ '1.30.2' ],
86 silly audit   'magic-string': [ '0.30.19' ],
86 silly audit   'math-intrinsics': [ '1.1.0' ],
86 silly audit   'mime-db': [ '1.52.0' ],
86 silly audit   'mime-types': [ '2.1.35' ],
86 silly audit   nanoid: [ '3.3.11' ],
86 silly audit   'node-releases': [ '2.0.26' ],
86 silly audit   'normalize-range': [ '0.1.2' ],
86 silly audit   picocolors: [ '1.1.1' ],
86 silly audit   picomatch: [ '2.3.1', '4.0.3' ],
86 silly audit   postcss: [ '8.5.6' ],
86 silly audit   'postcss-value-parser': [ '4.2.0' ],
86 silly audit   'proxy-from-env': [ '1.1.0' ],
86 silly audit   'require-directory': [ '2.1.1' ],
86 silly audit   rollup: [ '4.52.5' ],
86 silly audit   rxjs: [ '7.8.2' ],
86 silly audit   'shell-quote': [ '1.8.3' ],
86 silly audit   'source-map-js': [ '1.2.1' ],
86 silly audit   tailwindcss: [ '4.1.15' ],
86 silly audit   tapable: [ '2.3.0' ],
86 silly audit   tinyglobby: [ '0.2.15' ],
86 silly audit   fdir: [ '6.5.0' ],
86 silly audit   'tree-kill': [ '1.2.2' ],
86 silly audit   tslib: [ '2.8.1' ],
86 silly audit   'update-browserslist-db': [ '1.1.3' ],
86 silly audit   vite: [ '7.1.11' ],
86 silly audit   'vite-plugin-full-reload': [ '1.2.0' ],
86 silly audit   y18n: [ '5.0.8' ],
86 silly audit   yargs: [ '17.7.2' ],
86 silly audit   'yargs-parser': [ '21.1.1' ],
86 silly audit   '@tailwindcss/oxide-wasm32-wasi': [ '4.1.15' ]
86 silly audit }
87 verbose reify failed optional dependency /Users/janicenofuente/Desktop/web/pif/pif-dashboard/node_modules/lightningcss-win32-x64-msvc
88 silly reify mark deleted [
88 silly reify   '/Users/janicenofuente/Desktop/web/pif/pif-dashboard/node_modules/lightningcss-win32-x64-msvc'
88 silly reify ]
89 verbose reify failed optional dependency /Users/janicenofuente/Desktop/web/pif/pif-dashboard/node_modules/lightningcss-win32-arm64-msvc
90 silly reify mark deleted [
90 silly reify   '/Users/janicenofuente/Desktop/web/pif/pif-dashboard/node_modules/lightningcss-win32-arm64-msvc'
90 silly reify ]
91 verbose reify failed optional dependency /Users/janicenofuente/Desktop/web/pif/pif-dashboard/node_modules/lightningcss-linux-x64-musl
92 silly reify mark deleted [
92 silly reify   '/Users/janicenofuente/Desktop/web/pif/pif-dashboard/node_modules/lightningcss-linux-x64-musl'
92 silly reify ]
93 verbose reify failed optional dependency /Users/janicenofuente/Desktop/web/pif/pif-dashboard/node_modules/lightningcss-linux-x64-gnu
94 silly reify mark deleted [
94 silly reify   '/Users/janicenofuente/Desktop/web/pif/pif-dashboard/node_modules/lightningcss-linux-x64-gnu'
94 silly reify ]
95 verbose reify failed optional dependency /Users/janicenofuente/Desktop/web/pif/pif-dashboard/node_modules/lightningcss-linux-arm64-musl
96 silly reify mark deleted [
96 silly reify   '/Users/janicenofuente/Desktop/web/pif/pif-dashboard/node_modules/lightningcss-linux-arm64-musl'
96 silly reify ]
97 verbose reify failed optional dependency /Users/janicenofuente/Desktop/web/pif/pif-dashboard/node_modules/lightningcss-linux-arm64-gnu
98 silly reify mark deleted [
98 silly reify   '/Users/janicenofuente/Desktop/web/pif/pif-dashboard/node_modules/lightningcss-linux-arm64-gnu'
98 silly reify ]
99 verbose reify failed optional dependency /Users/janicenofuente/Desktop/web/pif/pif-dashboard/node_modules/lightningcss-linux-arm-gnueabihf
100 silly reify mark deleted [
100 silly reify   '/Users/janicenofuente/Desktop/web/pif/pif-dashboard/node_modules/lightningcss-linux-arm-gnueabihf'
100 silly reify ]
101 verbose reify failed optional dependency /Users/janicenofuente/Desktop/web/pif/pif-dashboard/node_modules/lightningcss-freebsd-x64
102 silly reify mark deleted [
102 silly reify   '/Users/janicenofuente/Desktop/web/pif/pif-dashboard/node_modules/lightningcss-freebsd-x64'
102 silly reify ]
103 verbose reify failed optional dependency /Users/janicenofuente/Desktop/web/pif/pif-dashboard/node_modules/lightningcss-darwin-x64
104 silly reify mark deleted [
104 silly reify   '/Users/janicenofuente/Desktop/web/pif/pif-dashboard/node_modules/lightningcss-darwin-x64'
104 silly reify ]
105 verbose reify failed optional dependency /Users/janicenofuente/Desktop/web/pif/pif-dashboard/node_modules/lightningcss-android-arm64
106 silly reify mark deleted [
106 silly reify   '/Users/janicenofuente/Desktop/web/pif/pif-dashboard/node_modules/lightningcss-android-arm64'
106 silly reify ]
107 verbose reify failed optional dependency /Users/janicenofuente/Desktop/web/pif/pif-dashboard/node_modules/@tailwindcss/oxide-win32-x64-msvc
108 silly reify mark deleted [
108 silly reify   '/Users/janicenofuente/Desktop/web/pif/pif-dashboard/node_modules/@tailwindcss/oxide-win32-x64-msvc'
108 silly reify ]
109 verbose reify failed optional dependency /Users/janicenofuente/Desktop/web/pif/pif-dashboard/node_modules/@tailwindcss/oxide-win32-arm64-msvc
110 silly reify mark deleted [
110 silly reify   '/Users/janicenofuente/Desktop/web/pif/pif-dashboard/node_modules/@tailwindcss/oxide-win32-arm64-msvc'
110 silly reify ]
111 verbose reify failed optional dependency /Users/janicenofuente/Desktop/web/pif/pif-dashboard/node_modules/@tailwindcss/oxide-linux-x64-musl
112 silly reify mark deleted [
112 silly reify   '/Users/janicenofuente/Desktop/web/pif/pif-dashboard/node_modules/@tailwindcss/oxide-linux-x64-musl'
112 silly reify ]
113 verbose reify failed optional dependency /Users/janicenofuente/Desktop/web/pif/pif-dashboard/node_modules/@tailwindcss/oxide-linux-x64-gnu
114 silly reify mark deleted [
114 silly reify   '/Users/janicenofuente/Desktop/web/pif/pif-dashboard/node_modules/@tailwindcss/oxide-linux-x64-gnu'
114 silly reify ]
115 verbose reify failed optional dependency /Users/janicenofuente/Desktop/web/pif/pif-dashboard/node_modules/@tailwindcss/oxide-linux-arm64-musl
116 silly reify mark deleted [
116 silly reify   '/Users/janicenofuente/Desktop/web/pif/pif-dashboard/node_modules/@tailwindcss/oxide-linux-arm64-musl'
116 silly reify ]
117 verbose reify failed optional dependency /Users/janicenofuente/Desktop/web/pif/pif-dashboard/node_modules/@tailwindcss/oxide-linux-arm64-gnu
118 silly reify mark deleted [
118 silly reify   '/Users/janicenofuente/Desktop/web/pif/pif-dashboard/node_modules/@tailwindcss/oxide-linux-arm64-gnu'
118 silly reify ]
119 verbose reify failed optional dependency /Users/janicenofuente/Desktop/web/pif/pif-dashboard/node_modules/@tailwindcss/oxide-linux-arm-gnueabihf
120 silly reify mark deleted [
120 silly reify   '/Users/janicenofuente/Desktop/web/pif/pif-dashboard/node_modules/@tailwindcss/oxide-linux-arm-gnueabihf'
120 silly reify ]
121 verbose reify failed optional dependency /Users/janicenofuente/Desktop/web/pif/pif-dashboard/node_modules/@tailwindcss/oxide-freebsd-x64
122 silly reify mark deleted [
122 silly reify   '/Users/janicenofuente/Desktop/web/pif/pif-dashboard/node_modules/@tailwindcss/oxide-freebsd-x64'
122 silly reify ]
123 verbose reify failed optional dependency /Users/janicenofuente/Desktop/web/pif/pif-dashboard/node_modules/@tailwindcss/oxide-darwin-x64
124 silly reify mark deleted [
124 silly reify   '/Users/janicenofuente/Desktop/web/pif/pif-dashboard/node_modules/@tailwindcss/oxide-darwin-x64'
124 silly reify ]
125 verbose reify failed optional dependency /Users/janicenofuente/Desktop/web/pif/pif-dashboard/node_modules/@tailwindcss/oxide-android-arm64
126 silly reify mark deleted [
126 silly reify   '/Users/janicenofuente/Desktop/web/pif/pif-dashboard/node_modules/@tailwindcss/oxide-android-arm64'
126 silly reify ]
127 verbose reify failed optional dependency /Users/janicenofuente/Desktop/web/pif/pif-dashboard/node_modules/@rollup/rollup-win32-x64-msvc
128 silly reify mark deleted [
128 silly reify   '/Users/janicenofuente/Desktop/web/pif/pif-dashboard/node_modules/@rollup/rollup-win32-x64-msvc'
128 silly reify ]
129 verbose reify failed optional dependency /Users/janicenofuente/Desktop/web/pif/pif-dashboard/node_modules/@rollup/rollup-win32-x64-gnu
130 silly reify mark deleted [
130 silly reify   '/Users/janicenofuente/Desktop/web/pif/pif-dashboard/node_modules/@rollup/rollup-win32-x64-gnu'
130 silly reify ]
131 verbose reify failed optional dependency /Users/janicenofuente/Desktop/web/pif/pif-dashboard/node_modules/@rollup/rollup-win32-ia32-msvc
132 silly reify mark deleted [
132 silly reify   '/Users/janicenofuente/Desktop/web/pif/pif-dashboard/node_modules/@rollup/rollup-win32-ia32-msvc'
132 silly reify ]
133 verbose reify failed optional dependency /Users/janicenofuente/Desktop/web/pif/pif-dashboard/node_modules/@rollup/rollup-win32-arm64-msvc
134 silly reify mark deleted [
134 silly reify   '/Users/janicenofuente/Desktop/web/pif/pif-dashboard/node_modules/@rollup/rollup-win32-arm64-msvc'
134 silly reify ]
135 verbose reify failed optional dependency /Users/janicenofuente/Desktop/web/pif/pif-dashboard/node_modules/@rollup/rollup-openharmony-arm64
136 silly reify mark deleted [
136 silly reify   '/Users/janicenofuente/Desktop/web/pif/pif-dashboard/node_modules/@rollup/rollup-openharmony-arm64'
136 silly reify ]
137 verbose reify failed optional dependency /Users/janicenofuente/Desktop/web/pif/pif-dashboard/node_modules/@rollup/rollup-linux-x64-musl
138 silly reify mark deleted [
138 silly reify   '/Users/janicenofuente/Desktop/web/pif/pif-dashboard/node_modules/@rollup/rollup-linux-x64-musl'
138 silly reify ]
139 verbose reify failed optional dependency /Users/janicenofuente/Desktop/web/pif/pif-dashboard/node_modules/@rollup/rollup-linux-x64-gnu
140 silly reify mark deleted [
140 silly reify   '/Users/janicenofuente/Desktop/web/pif/pif-dashboard/node_modules/@rollup/rollup-linux-x64-gnu'
140 silly reify ]
141 verbose reify failed optional dependency /Users/janicenofuente/Desktop/web/pif/pif-dashboard/node_modules/@rollup/rollup-linux-s390x-gnu
142 silly reify mark deleted [
142 silly reify   '/Users/janicenofuente/Desktop/web/pif/pif-dashboard/node_modules/@rollup/rollup-linux-s390x-gnu'
142 silly reify ]
143 verbose reify failed optional dependency /Users/janicenofuente/Desktop/web/pif/pif-dashboard/node_modules/@rollup/rollup-linux-riscv64-musl
144 silly reify mark deleted [
144 silly reify   '/Users/janicenofuente/Desktop/web/pif/pif-dashboard/node_modules/@rollup/rollup-linux-riscv64-musl'
144 silly reify ]
145 verbose reify failed optional dependency /Users/janicenofuente/Desktop/web/pif/pif-dashboard/node_modules/@rollup/rollup-linux-riscv64-gnu
146 silly reify mark deleted [
146 silly reify   '/Users/janicenofuente/Desktop/web/pif/pif-dashboard/node_modules/@rollup/rollup-linux-riscv64-gnu'
146 silly reify ]
147 verbose reify failed optional dependency /Users/janicenofuente/Desktop/web/pif/pif-dashboard/node_modules/@rollup/rollup-linux-ppc64-gnu
148 silly reify mark deleted [
148 silly reify   '/Users/janicenofuente/Desktop/web/pif/pif-dashboard/node_modules/@rollup/rollup-linux-ppc64-gnu'
148 silly reify ]
149 verbose reify failed optional dependency /Users/janicenofuente/Desktop/web/pif/pif-dashboard/node_modules/@rollup/rollup-linux-loong64-gnu
150 silly reify mark deleted [
150 silly reify   '/Users/janicenofuente/Desktop/web/pif/pif-dashboard/node_modules/@rollup/rollup-linux-loong64-gnu'
150 silly reify ]
151 verbose reify failed optional dependency /Users/janicenofuente/Desktop/web/pif/pif-dashboard/node_modules/@rollup/rollup-linux-arm64-musl
152 silly reify mark deleted [
152 silly reify   '/Users/janicenofuente/Desktop/web/pif/pif-dashboard/node_modules/@rollup/rollup-linux-arm64-musl'
152 silly reify ]
153 verbose reify failed optional dependency /Users/janicenofuente/Desktop/web/pif/pif-dashboard/node_modules/@rollup/rollup-linux-arm64-gnu
154 silly reify mark deleted [
154 silly reify   '/Users/janicenofuente/Desktop/web/pif/pif-dashboard/node_modules/@rollup/rollup-linux-arm64-gnu'
154 silly reify ]
155 verbose reify failed optional dependency /Users/janicenofuente/Desktop/web/pif/pif-dashboard/node_modules/@rollup/rollup-linux-arm-musleabihf
156 silly reify mark deleted [
156 silly reify   '/Users/janicenofuente/Desktop/web/pif/pif-dashboard/node_modules/@rollup/rollup-linux-arm-musleabihf'
156 silly reify ]
157 verbose reify failed optional dependency /Users/janicenofuente/Desktop/web/pif/pif-dashboard/node_modules/@rollup/rollup-linux-arm-gnueabihf
158 silly reify mark deleted [
158 silly reify   '/Users/janicenofuente/Desktop/web/pif/pif-dashboard/node_modules/@rollup/rollup-linux-arm-gnueabihf'
158 silly reify ]
159 verbose reify failed optional dependency /Users/janicenofuente/Desktop/web/pif/pif-dashboard/node_modules/@rollup/rollup-freebsd-x64
160 silly reify mark deleted [
160 silly reify   '/Users/janicenofuente/Desktop/web/pif/pif-dashboard/node_modules/@rollup/rollup-freebsd-x64'
160 silly reify ]
161 verbose reify failed optional dependency /Users/janicenofuente/Desktop/web/pif/pif-dashboard/node_modules/@rollup/rollup-freebsd-arm64
162 silly reify mark deleted [
162 silly reify   '/Users/janicenofuente/Desktop/web/pif/pif-dashboard/node_modules/@rollup/rollup-freebsd-arm64'
162 silly reify ]
163 verbose reify failed optional dependency /Users/janicenofuente/Desktop/web/pif/pif-dashboard/node_modules/@rollup/rollup-darwin-x64
164 silly reify mark deleted [
164 silly reify   '/Users/janicenofuente/Desktop/web/pif/pif-dashboard/node_modules/@rollup/rollup-darwin-x64'
164 silly reify ]
165 verbose reify failed optional dependency /Users/janicenofuente/Desktop/web/pif/pif-dashboard/node_modules/@rollup/rollup-android-arm64
166 silly reify mark deleted [
166 silly reify   '/Users/janicenofuente/Desktop/web/pif/pif-dashboard/node_modules/@rollup/rollup-android-arm64'
166 silly reify ]
167 verbose reify failed optional dependency /Users/janicenofuente/Desktop/web/pif/pif-dashboard/node_modules/@rollup/rollup-android-arm-eabi
168 silly reify mark deleted [
168 silly reify   '/Users/janicenofuente/Desktop/web/pif/pif-dashboard/node_modules/@rollup/rollup-android-arm-eabi'
168 silly reify ]
169 verbose reify failed optional dependency /Users/janicenofuente/Desktop/web/pif/pif-dashboard/node_modules/@esbuild/win32-x64
170 silly reify mark deleted [
170 silly reify   '/Users/janicenofuente/Desktop/web/pif/pif-dashboard/node_modules/@esbuild/win32-x64'
170 silly reify ]
171 verbose reify failed optional dependency /Users/janicenofuente/Desktop/web/pif/pif-dashboard/node_modules/@esbuild/win32-ia32
172 silly reify mark deleted [
172 silly reify   '/Users/janicenofuente/Desktop/web/pif/pif-dashboard/node_modules/@esbuild/win32-ia32'
172 silly reify ]
173 verbose reify failed optional dependency /Users/janicenofuente/Desktop/web/pif/pif-dashboard/node_modules/@esbuild/win32-arm64
174 silly reify mark deleted [
174 silly reify   '/Users/janicenofuente/Desktop/web/pif/pif-dashboard/node_modules/@esbuild/win32-arm64'
174 silly reify ]
175 verbose reify failed optional dependency /Users/janicenofuente/Desktop/web/pif/pif-dashboard/node_modules/@esbuild/sunos-x64
176 silly reify mark deleted [
176 silly reify   '/Users/janicenofuente/Desktop/web/pif/pif-dashboard/node_modules/@esbuild/sunos-x64'
176 silly reify ]
177 verbose reify failed optional dependency /Users/janicenofuente/Desktop/web/pif/pif-dashboard/node_modules/@esbuild/openharmony-arm64
178 silly reify mark deleted [
178 silly reify   '/Users/janicenofuente/Desktop/web/pif/pif-dashboard/node_modules/@esbuild/openharmony-arm64'
178 silly reify ]
179 verbose reify failed optional dependency /Users/janicenofuente/Desktop/web/pif/pif-dashboard/node_modules/@esbuild/openbsd-x64
180 silly reify mark deleted [
180 silly reify   '/Users/janicenofuente/Desktop/web/pif/pif-dashboard/node_modules/@esbuild/openbsd-x64'
180 silly reify ]
181 verbose reify failed optional dependency /Users/janicenofuente/Desktop/web/pif/pif-dashboard/node_modules/@esbuild/openbsd-arm64
182 silly reify mark deleted [
182 silly reify   '/Users/janicenofuente/Desktop/web/pif/pif-dashboard/node_modules/@esbuild/openbsd-arm64'
182 silly reify ]
183 verbose reify failed optional dependency /Users/janicenofuente/Desktop/web/pif/pif-dashboard/node_modules/@esbuild/netbsd-x64
184 silly reify mark deleted [
184 silly reify   '/Users/janicenofuente/Desktop/web/pif/pif-dashboard/node_modules/@esbuild/netbsd-x64'
184 silly reify ]
185 verbose reify failed optional dependency /Users/janicenofuente/Desktop/web/pif/pif-dashboard/node_modules/@esbuild/netbsd-arm64
186 silly reify mark deleted [
186 silly reify   '/Users/janicenofuente/Desktop/web/pif/pif-dashboard/node_modules/@esbuild/netbsd-arm64'
186 silly reify ]
187 verbose reify failed optional dependency /Users/janicenofuente/Desktop/web/pif/pif-dashboard/node_modules/@esbuild/linux-x64
188 silly reify mark deleted [
188 silly reify   '/Users/janicenofuente/Desktop/web/pif/pif-dashboard/node_modules/@esbuild/linux-x64'
188 silly reify ]
189 verbose reify failed optional dependency /Users/janicenofuente/Desktop/web/pif/pif-dashboard/node_modules/@esbuild/linux-s390x
190 silly reify mark deleted [
190 silly reify   '/Users/janicenofuente/Desktop/web/pif/pif-dashboard/node_modules/@esbuild/linux-s390x'
190 silly reify ]
191 verbose reify failed optional dependency /Users/janicenofuente/Desktop/web/pif/pif-dashboard/node_modules/@esbuild/linux-riscv64
192 silly reify mark deleted [
192 silly reify   '/Users/janicenofuente/Desktop/web/pif/pif-dashboard/node_modules/@esbuild/linux-riscv64'
192 silly reify ]
193 verbose reify failed optional dependency /Users/janicenofuente/Desktop/web/pif/pif-dashboard/node_modules/@esbuild/linux-ppc64
194 silly reify mark deleted [
194 silly reify   '/Users/janicenofuente/Desktop/web/pif/pif-dashboard/node_modules/@esbuild/linux-ppc64'
194 silly reify ]
195 verbose reify failed optional dependency /Users/janicenofuente/Desktop/web/pif/pif-dashboard/node_modules/@esbuild/linux-mips64el
196 silly reify mark deleted [
196 silly reify   '/Users/janicenofuente/Desktop/web/pif/pif-dashboard/node_modules/@esbuild/linux-mips64el'
196 silly reify ]
197 verbose reify failed optional dependency /Users/janicenofuente/Desktop/web/pif/pif-dashboard/node_modules/@esbuild/linux-loong64
198 silly reify mark deleted [
198 silly reify   '/Users/janicenofuente/Desktop/web/pif/pif-dashboard/node_modules/@esbuild/linux-loong64'
198 silly reify ]
199 verbose reify failed optional dependency /Users/janicenofuente/Desktop/web/pif/pif-dashboard/node_modules/@esbuild/linux-ia32
200 silly reify mark deleted [
200 silly reify   '/Users/janicenofuente/Desktop/web/pif/pif-dashboard/node_modules/@esbuild/linux-ia32'
200 silly reify ]
201 verbose reify failed optional dependency /Users/janicenofuente/Desktop/web/pif/pif-dashboard/node_modules/@esbuild/linux-arm64
202 silly reify mark deleted [
202 silly reify   '/Users/janicenofuente/Desktop/web/pif/pif-dashboard/node_modules/@esbuild/linux-arm64'
202 silly reify ]
203 verbose reify failed optional dependency /Users/janicenofuente/Desktop/web/pif/pif-dashboard/node_modules/@esbuild/linux-arm
204 silly reify mark deleted [
204 silly reify   '/Users/janicenofuente/Desktop/web/pif/pif-dashboard/node_modules/@esbuild/linux-arm'
204 silly reify ]
205 verbose reify failed optional dependency /Users/janicenofuente/Desktop/web/pif/pif-dashboard/node_modules/@esbuild/freebsd-x64
206 silly reify mark deleted [
206 silly reify   '/Users/janicenofuente/Desktop/web/pif/pif-dashboard/node_modules/@esbuild/freebsd-x64'
206 silly reify ]
207 verbose reify failed optional dependency /Users/janicenofuente/Desktop/web/pif/pif-dashboard/node_modules/@esbuild/freebsd-arm64
208 silly reify mark deleted [
208 silly reify   '/Users/janicenofuente/Desktop/web/pif/pif-dashboard/node_modules/@esbuild/freebsd-arm64'
208 silly reify ]
209 verbose reify failed optional dependency /Users/janicenofuente/Desktop/web/pif/pif-dashboard/node_modules/@esbuild/darwin-x64
210 silly reify mark deleted [
210 silly reify   '/Users/janicenofuente/Desktop/web/pif/pif-dashboard/node_modules/@esbuild/darwin-x64'
210 silly reify ]
211 verbose reify failed optional dependency /Users/janicenofuente/Desktop/web/pif/pif-dashboard/node_modules/@esbuild/android-x64
212 silly reify mark deleted [
212 silly reify   '/Users/janicenofuente/Desktop/web/pif/pif-dashboard/node_modules/@esbuild/android-x64'
212 silly reify ]
213 verbose reify failed optional dependency /Users/janicenofuente/Desktop/web/pif/pif-dashboard/node_modules/@esbuild/android-arm64
214 silly reify mark deleted [
214 silly reify   '/Users/janicenofuente/Desktop/web/pif/pif-dashboard/node_modules/@esbuild/android-arm64'
214 silly reify ]
215 verbose reify failed optional dependency /Users/janicenofuente/Desktop/web/pif/pif-dashboard/node_modules/@esbuild/android-arm
216 silly reify mark deleted [
216 silly reify   '/Users/janicenofuente/Desktop/web/pif/pif-dashboard/node_modules/@esbuild/android-arm'
216 silly reify ]
217 verbose reify failed optional dependency /Users/janicenofuente/Desktop/web/pif/pif-dashboard/node_modules/@esbuild/aix-ppc64
218 silly reify mark deleted [
218 silly reify   '/Users/janicenofuente/Desktop/web/pif/pif-dashboard/node_modules/@esbuild/aix-ppc64'
218 silly reify ]
219 verbose reify failed optional dependency /Users/janicenofuente/Desktop/web/pif/pif-dashboard/node_modules/rollup/node_modules/@rollup/rollup-linux-x64-gnu
220 silly reify mark deleted [
220 silly reify   '/Users/janicenofuente/Desktop/web/pif/pif-dashboard/node_modules/rollup/node_modules/@rollup/rollup-linux-x64-gnu'
220 silly reify ]
221 http fetch POST 200 https://registry.npmjs.org/-/npm/v1/security/advisories/bulk 265ms
222 silly audit report {}
223 silly ADD
224 silly ADD
225 silly ADD
226 silly ADD
227 silly ADD
228 silly ADD
229 silly ADD
230 silly ADD
231 silly ADD
232 silly ADD
233 silly ADD
234 silly ADD
235 silly ADD
236 silly ADD
237 silly ADD
238 silly ADD
239 silly ADD
240 silly ADD
241 silly ADD
242 silly ADD
243 silly ADD
244 silly ADD
245 silly ADD
246 silly ADD
247 silly ADD
248 silly ADD
249 silly ADD
250 silly ADD
251 silly ADD
252 silly ADD
253 silly ADD
254 silly ADD
255 silly ADD
256 silly ADD
257 silly ADD
258 silly ADD
259 silly ADD
260 silly ADD
261 silly ADD
262 silly ADD
263 silly ADD
264 silly ADD
265 silly ADD
266 silly ADD
267 silly ADD
268 silly ADD
269 silly ADD
270 silly ADD
271 silly ADD
272 silly ADD
273 silly ADD
274 silly ADD
275 silly ADD
276 silly ADD
277 silly ADD
278 silly ADD
279 silly ADD
280 silly ADD
281 silly ADD
282 silly ADD
283 silly ADD
284 silly ADD
285 silly ADD
286 silly ADD
287 silly ADD
288 silly ADD
289 silly ADD
290 silly ADD
291 verbose cwd /Users/janicenofuente/Desktop/web/pif/pif-dashboard
292 verbose os Darwin 24.3.0
293 verbose node v23.11.0
294 verbose npm  v10.9.2
295 verbose exit 0
296 info ok
